<?xml version="1.0" encoding="UTF-8"?>
<beans xmlns:xsi="http://www.w3.org/2001/XMLSchema-instance"
       xmlns:context="http://www.springframework.org/schema/context"
       xmlns="http://www.springframework.org/schema/beans"
       xmlns:aop="http://www.springframework.org/schema/aop"
       xsi:schemaLocation="http://www.springframework.org/schema/beans
                            http://www.springframework.org/schema/beans/spring-beans-4.0.xsd
                            http://www.springframework.org/schema/context
                            http://www.springframework.org/schema/context/spring-context-4.0.xsd
                            http://www.springframework.org/schema/aop http://www.springframework.org/schema/aop/spring-aop.xsd"
       default-lazy-init="false">

    <context:annotation-config/>

    <context:property-placeholder file-encoding="UTF-8" ignore-resource-not-found="true"
                                  location="classpath:test-local-config.properties"/>

    <import resource="classpath*: persistence.xml"/>

    <context:component-scan base-package="com.zb.template"/>

    <bean id="env" class="java.lang.String">
        <constructor-arg value="${com.zb.template.env}"></constructor-arg>
    </bean>

</beans>